# JRE version: OpenJDK Runtime Environment (11.0.13) (build 11.0.13+0-b1751.21-8125866)
# Java VM: OpenJDK 64-Bit Server VM (11.0.13+0-b1751.21-8125866, mixed mode, tiered, compressed oops, g1 gc, windows-amd64)
Heap:
 garbage-first heap   total 262144K, used 145570K [0x0000000080000000, 0x0000000100000000)
  region size 1024K, 8 young (8192K), 4 survivors (4096K)
 Metaspace       used 88112K, capacity 90704K, committed 91004K, reserved 1128448K
  class space    used 11274K, capacity 12176K, committed 12236K, reserved 1048576K
GC Heap History (20 events):
Event: 1.926 GC heap before
{Heap before GC invocations=1 (full 0):
 garbage-first heap   total 262144K, used 113871K [0x0000000080000000, 0x0000000100000000)
  region size 1024K, 106 young (108544K), 3 survivors (3072K)
 Metaspace       used 20801K, capacity 21162K, committed 21296K, reserved 1069056K
  class space    used 2511K, capacity 2665K, committed 2688K, reserved 1048576K
}
Event: 1.935 GC heap after
{Heap after GC invocations=2 (full 0):
 garbage-first heap   total 262144K, used 17009K [0x0000000080000000, 0x0000000100000000)
  region size 1024K, 11 young (11264K), 11 survivors (11264K)
 Metaspace       used 20801K, capacity 21162K, committed 21296K, reserved 1069056K
  class space    used 2511K, capacity 2665K, committed 2688K, reserved 1048576K
}
Event: 2.195 GC heap before
{Heap before GC invocations=3 (full 0):
 garbage-first heap   total 262144K, used 49777K [0x0000000080000000, 0x0000000100000000)
  region size 1024K, 43 young (44032K), 11 survivors (11264K)
 Metaspace       used 23945K, capacity 24493K, committed 24700K, reserved 1071104K
  class space    used 3008K, capacity 3226K, committed 3276K, reserved 1048576K
}
Event: 2.200 GC heap after
{Heap after GC invocations=4 (full 0):
 garbage-first heap   total 262144K, used 17894K [0x0000000080000000, 0x0000000100000000)
  region size 1024K, 2 young (2048K), 2 survivors (2048K)
 Metaspace       used 23945K, capacity 24493K, committed 24700K, reserved 1071104K
  class space    used 3008K, capacity 3226K, committed 3276K, reserved 1048576K
}
Event: 3.706 GC heap before
{Heap before GC invocations=4 (full 0):
 garbage-first heap   total 262144K, used 144870K [0x0000000080000000, 0x0000000100000000)
  region size 1024K, 109 young (111616K), 2 survivors (2048K)
 Metaspace       used 34853K, capacity 35812K, committed 35964K, reserved 1081344K
  class space    used 4603K, capacity 4978K, committed 5068K, reserved 1048576K
}
Event: 3.715 GC heap after
{Heap after GC invocations=5 (full 0):
 garbage-first heap   total 262144K, used 45592K [0x0000000080000000, 0x0000000100000000)
  region size 1024K, 11 young (11264K), 11 survivors (11264K)
 Metaspace       used 34853K, capacity 35812K, committed 35964K, reserved 1081344K
  class space    used 4603K, capacity 4978K, committed 5068K, reserved 1048576K
}
Event: 5.285 GC heap before
{Heap before GC invocations=6 (full 0):
 garbage-first heap   total 262144K, used 182808K [0x0000000080000000, 0x0000000100000000)
  region size 1024K, 130 young (133120K), 11 survivors (11264K)
 Metaspace       used 46554K, capacity 47752K, committed 47996K, reserved 1091584K
  class space    used 5800K, capacity 6281K, committed 6348K, reserved 1048576K
}
Event: 5.297 GC heap after
{Heap after GC invocations=7 (full 0):
 garbage-first heap   total 262144K, used 68471K [0x0000000080000000, 0x0000000100000000)
  region size 1024K, 17 young (17408K), 17 survivors (17408K)
 Metaspace       used 46554K, capacity 47752K, committed 47996K, reserved 1091584K
  class space    used 5800K, capacity 6281K, committed 6348K, reserved 1048576K
}
Event: 6.863 GC heap before
{Heap before GC invocations=7 (full 0):
 garbage-first heap   total 262144K, used 194423K [0x0000000080000000, 0x0000000100000000)
  region size 1024K, 135 young (138240K), 17 survivors (17408K)
 Metaspace       used 55592K, capacity 57122K, committed 57340K, reserved 1099776K
  class space    used 7143K, capacity 7695K, committed 7756K, reserved 1048576K
}
Event: 6.876 GC heap after
{Heap after GC invocations=8 (full 0):
 garbage-first heap   total 262144K, used 82575K [0x0000000080000000, 0x0000000100000000)
  region size 1024K, 9 young (9216K), 9 survivors (9216K)
 Metaspace       used 55592K, capacity 57122K, committed 57340K, reserved 1099776K
  class space    used 7143K, capacity 7695K, committed 7756K, reserved 1048576K
}
Event: 11.336 GC heap before
{Heap before GC invocations=8 (full 0):
 garbage-first heap   total 262144K, used 165519K [0x0000000080000000, 0x0000000100000000)
  region size 1024K, 87 young (89088K), 9 survivors (9216K)
 Metaspace       used 58381K, capacity 60137K, committed 60284K, reserved 1101824K
  class space    used 7432K, capacity 8029K, committed 8140K, reserved 1048576K
}
Event: 11.350 GC heap after
{Heap after GC invocations=9 (full 0):
 garbage-first heap   total 262144K, used 96256K [0x0000000080000000, 0x0000000100000000)
  region size 1024K, 16 young (16384K), 16 survivors (16384K)
 Metaspace       used 58381K, capacity 60137K, committed 60284K, reserved 1101824K
  class space    used 7432K, capacity 8029K, committed 8140K, reserved 1048576K
}
Event: 12.643 GC heap before
{Heap before GC invocations=10 (full 0):
 garbage-first heap   total 262144K, used 208896K [0x0000000080000000, 0x0000000100000000)
  region size 1024K, 120 young (122880K), 16 survivors (16384K)
 Metaspace       used 71094K, capacity 72973K, committed 73084K, reserved 1112064K
  class space    used 8972K, capacity 9636K, committed 9676K, reserved 1048576K
}
Event: 12.655 GC heap after
{Heap after GC invocations=11 (full 0):
 garbage-first heap   total 262144K, used 103336K [0x0000000080000000, 0x0000000100000000)
  region size 1024K, 8 young (8192K), 8 survivors (8192K)
 Metaspace       used 71094K, capacity 72973K, committed 73084K, reserved 1112064K
  class space    used 8972K, capacity 9636K, committed 9676K, reserved 1048576K
}
Event: 13.663 GC heap before
{Heap before GC invocations=11 (full 0):
 garbage-first heap   total 262144K, used 205736K [0x0000000080000000, 0x0000000100000000)
  region size 1024K, 108 young (110592K), 8 survivors (8192K)
 Metaspace       used 75971K, capacity 78075K, committed 78204K, reserved 1118208K
  class space    used 9581K, capacity 10342K, committed 10444K, reserved 1048576K
}
Event: 13.677 GC heap after
{Heap after GC invocations=12 (full 0):
 garbage-first heap   total 262144K, used 108332K [0x0000000080000000, 0x0000000100000000)
  region size 1024K, 13 young (13312K), 13 survivors (13312K)
 Metaspace       used 75971K, capacity 78075K, committed 78204K, reserved 1118208K
  class space    used 9581K, capacity 10342K, committed 10444K, reserved 1048576K
}
Event: 15.239 GC heap before
{Heap before GC invocations=12 (full 0):
 garbage-first heap   total 262144K, used 226092K [0x0000000080000000, 0x0000000100000000)
  region size 1024K, 111 young (113664K), 13 survivors (13312K)
 Metaspace       used 85537K, capacity 87876K, committed 88060K, reserved 1126400K
  class space    used 10948K, capacity 11772K, committed 11852K, reserved 1048576K
}
Event: 15.255 GC heap after
{Heap after GC invocations=13 (full 0):
 garbage-first heap   total 262144K, used 137734K [0x0000000080000000, 0x0000000100000000)
  region size 1024K, 14 young (14336K), 14 survivors (14336K)
 Metaspace       used 85537K, capacity 87876K, committed 88060K, reserved 1126400K
  class space    used 10948K, capacity 11772K, committed 11852K, reserved 1048576K
}
Event: 15.808 GC heap before
{Heap before GC invocations=13 (full 0):
 garbage-first heap   total 262144K, used 211462K [0x0000000080000000, 0x0000000100000000)
  region size 1024K, 86 young (88064K), 14 survivors (14336K)
 Metaspace       used 87911K, capacity 90378K, committed 90748K, reserved 1128448K
  class space    used 11249K, capacity 12111K, committed 12236K, reserved 1048576K
}
Event: 15.824 GC heap after
{Heap after GC invocations=14 (full 0):
 garbage-first heap   total 262144K, used 142498K [0x0000000080000000, 0x0000000100000000)
  region size 1024K, 4 young (4096K), 4 survivors (4096K)
 Metaspace       used 87911K, capacity 90378K, committed 90748K, reserved 1128448K
  class space    used 11249K, capacity 12111K, committed 12236K, reserved 1048576K
}

